# JRE version: Java(TM) SE Runtime Environment (23.0.1+11) (build 23.0.1+11-39)
# Java VM: Java HotSpot(TM) 64-Bit Server VM (23.0.1+11-39, mixed mode, emulated-client, sharing, tiered, compressed oops, compressed class ptrs, g1 gc, windows-amd64)
GC Precious Log:
 CardTable entry size: 512
 Card Set container configuration: InlinePtr #cards 4 size 8 Array Of Cards #cards 32 size 80 Howl #buckets 8 coarsen threshold 7372 Howl Bitmap #cards 1024 size 144 coarsen threshold 921 Card regions per heap region 1 cards per card region 8192
 CPUs: 8 total, 8 available
 Memory: 32626M
 Large Page Support: Disabled
 NUMA Support: Disabled
 Compressed Oops: Enabled (Zero based)
 Heap Region Size: 4M
 Heap Min Capacity: 8M
 Heap Initial Capacity: 512M
 Heap Max Capacity: 8160M
 Pre-touch: Disabled
 Parallel Workers: 8
 Concurrent Workers: 2
 Concurrent Refinement Workers: 8
 Periodic GC: Disabled
Heap:
 garbage-first heap   total reserved 8355840K, committed 319488K, used 117418K [0x0000000602000000, 0x0000000800000000)
  region size 4096K, 21 young (86016K), 2 survivors (8192K)
 Metaspace       used 86427K, committed 87424K, reserved 1179648K
  class space    used 12750K, committed 13184K, reserved 1048576K
GC Heap History (20 events):
Event: 9.046 GC heap before
{Heap before GC invocations=11 (full 0):
 garbage-first heap   total reserved 8355840K, committed 110592K, used 81780K [0x0000000602000000, 0x0000000800000000)
  region size 4096K, 16 young (65536K), 3 survivors (12288K)
 Metaspace       used 41420K, committed 42048K, reserved 1114112K
  class space    used 5822K, committed 6080K, reserved 1048576K
}
Event: 9.056 GC heap after
{Heap after GC invocations=12 (full 0):
 garbage-first heap   total reserved 8355840K, committed 110592K, used 31528K [0x0000000602000000, 0x0000000800000000)
  region size 4096K, 1 young (4096K), 1 survivors (4096K)
 Metaspace       used 41420K, committed 42048K, reserved 1114112K
  class space    used 5822K, committed 6080K, reserved 1048576K
}
Event: 9.629 GC heap before
{Heap before GC invocations=12 (full 0):
 garbage-first heap   total reserved 8355840K, committed 110592K, used 88872K [0x0000000602000000, 0x0000000800000000)
  region size 4096K, 15 young (61440K), 1 survivors (4096K)
 Metaspace       used 45860K, committed 46528K, reserved 1114112K
  class space    used 6493K, committed 6784K, reserved 1048576K
}
Event: 9.634 GC heap after
{Heap after GC invocations=13 (full 0):
 garbage-first heap   total reserved 8355840K, committed 110592K, used 33962K [0x0000000602000000, 0x0000000800000000)
  region size 4096K, 2 young (8192K), 2 survivors (8192K)
 Metaspace       used 45860K, committed 46528K, reserved 1114112K
  class space    used 6493K, committed 6784K, reserved 1048576K
}
Event: 10.093 GC heap before
{Heap before GC invocations=13 (full 0):
 garbage-first heap   total reserved 8355840K, committed 110592K, used 91306K [0x0000000602000000, 0x0000000800000000)
  region size 4096K, 16 young (65536K), 2 survivors (8192K)
 Metaspace       used 51063K, committed 51776K, reserved 1114112K
  class space    used 7343K, committed 7616K, reserved 1048576K
}
Event: 10.098 GC heap after
{Heap after GC invocations=14 (full 0):
 garbage-first heap   total reserved 8355840K, committed 110592K, used 35577K [0x0000000602000000, 0x0000000800000000)
  region size 4096K, 1 young (4096K), 1 survivors (4096K)
 Metaspace       used 51063K, committed 51776K, reserved 1114112K
  class space    used 7343K, committed 7616K, reserved 1048576K
}
Event: 10.735 GC heap before
{Heap before GC invocations=14 (full 0):
 garbage-first heap   total reserved 8355840K, committed 110592K, used 92921K [0x0000000602000000, 0x0000000800000000)
  region size 4096K, 16 young (65536K), 1 survivors (4096K)
 Metaspace       used 56838K, committed 57472K, reserved 1114112K
  class space    used 8104K, committed 8384K, reserved 1048576K
}
Event: 10.739 GC heap after
{Heap after GC invocations=15 (full 0):
 garbage-first heap   total reserved 8355840K, committed 110592K, used 36663K [0x0000000602000000, 0x0000000800000000)
  region size 4096K, 2 young (8192K), 2 survivors (8192K)
 Metaspace       used 56838K, committed 57472K, reserved 1114112K
  class space    used 8104K, committed 8384K, reserved 1048576K
}
Event: 10.966 GC heap before
{Heap before GC invocations=15 (full 0):
 garbage-first heap   total reserved 8355840K, committed 110592K, used 61239K [0x0000000602000000, 0x0000000800000000)
  region size 4096K, 9 young (36864K), 2 survivors (8192K)
 Metaspace       used 59763K, committed 60416K, reserved 1114112K
  class space    used 8532K, committed 8832K, reserved 1048576K
}
Event: 10.970 GC heap after
{Heap after GC invocations=16 (full 0):
 garbage-first heap   total reserved 8355840K, committed 110592K, used 37305K [0x0000000602000000, 0x0000000800000000)
  region size 4096K, 1 young (4096K), 1 survivors (4096K)
 Metaspace       used 59763K, committed 60416K, reserved 1114112K
  class space    used 8532K, committed 8832K, reserved 1048576K
}
Event: 11.503 GC heap before
{Heap before GC invocations=17 (full 0):
 garbage-first heap   total reserved 8355840K, committed 110592K, used 94649K [0x0000000602000000, 0x0000000800000000)
  region size 4096K, 15 young (61440K), 1 survivors (4096K)
 Metaspace       used 65281K, committed 65984K, reserved 1114112K
  class space    used 9504K, committed 9792K, reserved 1048576K
}
Event: 11.506 GC heap after
{Heap after GC invocations=18 (full 0):
 garbage-first heap   total reserved 8355840K, committed 110592K, used 37969K [0x0000000602000000, 0x0000000800000000)
  region size 4096K, 1 young (4096K), 1 survivors (4096K)
 Metaspace       used 65281K, committed 65984K, reserved 1114112K
  class space    used 9504K, committed 9792K, reserved 1048576K
}
Event: 12.251 GC heap before
{Heap before GC invocations=18 (full 0):
 garbage-first heap   total reserved 8355840K, committed 110592K, used 95313K [0x0000000602000000, 0x0000000800000000)
  region size 4096K, 15 young (61440K), 1 survivors (4096K)
 Metaspace       used 69258K, committed 69952K, reserved 1114112K
  class space    used 10139K, committed 10432K, reserved 1048576K
}
Event: 12.257 GC heap after
{Heap after GC invocations=19 (full 0):
 garbage-first heap   total reserved 8355840K, committed 110592K, used 39784K [0x0000000602000000, 0x0000000800000000)
  region size 4096K, 2 young (8192K), 2 survivors (8192K)
 Metaspace       used 69258K, committed 69952K, reserved 1114112K
  class space    used 10139K, committed 10432K, reserved 1048576K
}
Event: 12.854 GC heap before
{Heap before GC invocations=19 (full 0):
 garbage-first heap   total reserved 8355840K, committed 110592K, used 93032K [0x0000000602000000, 0x0000000800000000)
  region size 4096K, 15 young (61440K), 2 survivors (8192K)
 Metaspace       used 72493K, committed 73280K, reserved 1114112K
  class space    used 10676K, committed 11008K, reserved 1048576K
}
Event: 12.861 GC heap after
{Heap after GC invocations=20 (full 0):
 garbage-first heap   total reserved 8355840K, committed 110592K, used 47520K [0x0000000602000000, 0x0000000800000000)
  region size 4096K, 2 young (8192K), 2 survivors (8192K)
 Metaspace       used 72493K, committed 73280K, reserved 1114112K
  class space    used 10676K, committed 11008K, reserved 1048576K
}
Event: 13.299 GC heap before
{Heap before GC invocations=20 (full 0):
 garbage-first heap   total reserved 8355840K, committed 110592K, used 92576K [0x0000000602000000, 0x0000000800000000)
  region size 4096K, 13 young (53248K), 2 survivors (8192K)
 Metaspace       used 75975K, committed 76864K, reserved 1114112K
  class space    used 11243K, committed 11584K, reserved 1048576K
}
Event: 13.305 GC heap after
{Heap after GC invocations=21 (full 0):
 garbage-first heap   total reserved 8355840K, committed 110592K, used 45755K [0x0000000602000000, 0x0000000800000000)
  region size 4096K, 2 young (8192K), 2 survivors (8192K)
 Metaspace       used 75975K, committed 76864K, reserved 1114112K
  class space    used 11243K, committed 11584K, reserved 1048576K
}
Event: 14.524 GC heap before
{Heap before GC invocations=21 (full 0):
 garbage-first heap   total reserved 8355840K, committed 110592K, used 90811K [0x0000000602000000, 0x0000000800000000)
  region size 4096K, 13 young (53248K), 2 survivors (8192K)
 Metaspace       used 79067K, committed 80064K, reserved 1179648K
  class space    used 11729K, committed 12160K, reserved 1048576K
}
Event: 14.531 GC heap after
{Heap after GC invocations=22 (full 0):
 garbage-first heap   total reserved 8355840K, committed 319488K, used 47786K [0x0000000602000000, 0x0000000800000000)
  region size 4096K, 2 young (8192K), 2 survivors (8192K)
 Metaspace       used 79067K, committed 80064K, reserved 1179648K
  class space    used 11729K, committed 12160K, reserved 1048576K
}

