# JRE version: Java(TM) SE Runtime Environment (23.0.1+11) (build 23.0.1+11-39)
# Java VM: Java HotSpot(TM) 64-Bit Server VM (23.0.1+11-39, mixed mode, emulated-client, sharing, tiered, compressed oops, compressed class ptrs, g1 gc, windows-amd64)
GC Precious Log:
 CardTable entry size: 512
 Card Set container configuration: InlinePtr #cards 4 size 8 Array Of Cards #cards 32 size 80 Howl #buckets 8 coarsen threshold 7372 Howl Bitmap #cards 1024 size 144 coarsen threshold 921 Card regions per heap region 1 cards per card region 8192
 CPUs: 8 total, 8 available
 Memory: 32626M
 Large Page Support: Disabled
 NUMA Support: Disabled
 Compressed Oops: Enabled (Zero based)
 Heap Region Size: 4M
 Heap Min Capacity: 8M
 Heap Initial Capacity: 512M
 Heap Max Capacity: 8160M
 Pre-touch: Disabled
 Parallel Workers: 8
 Concurrent Workers: 2
 Concurrent Refinement Workers: 8
 Periodic GC: Disabled
Heap:
 garbage-first heap   total reserved 8355840K, committed 319488K, used 62823K [0x0000000602000000, 0x0000000800000000)
  region size 4096K, 8 young (32768K), 4 survivors (16384K)
 Metaspace       used 86497K, committed 87488K, reserved 1179648K
  class space    used 12756K, committed 13184K, reserved 1048576K
GC Heap History (20 events):
Event: 4.064 GC heap before
{Heap before GC invocations=9 (full 0):
 garbage-first heap   total reserved 8355840K, committed 299008K, used 171074K [0x0000000602000000, 0x0000000800000000)
  region size 4096K, 39 young (159744K), 2 survivors (8192K)
 Metaspace       used 35589K, committed 36096K, reserved 1114112K
  class space    used 5069K, committed 5312K, reserved 1048576K
}
Event: 4.072 GC heap after
{Heap after GC invocations=10 (full 0):
 garbage-first heap   total reserved 8355840K, committed 299008K, used 28790K [0x0000000602000000, 0x0000000800000000)
  region size 4096K, 3 young (12288K), 3 survivors (12288K)
 Metaspace       used 35589K, committed 36096K, reserved 1114112K
  class space    used 5069K, committed 5312K, reserved 1048576K
}
Event: 4.805 GC heap before
{Heap before GC invocations=11 (full 0):
 garbage-first heap   total reserved 8355840K, committed 110592K, used 82038K [0x0000000602000000, 0x0000000800000000)
  region size 4096K, 16 young (65536K), 3 survivors (12288K)
 Metaspace       used 41387K, committed 41920K, reserved 1114112K
  class space    used 5856K, committed 6080K, reserved 1048576K
}
Event: 4.819 GC heap after
{Heap after GC invocations=12 (full 0):
 garbage-first heap   total reserved 8355840K, committed 110592K, used 31912K [0x0000000602000000, 0x0000000800000000)
  region size 4096K, 1 young (4096K), 1 survivors (4096K)
 Metaspace       used 41387K, committed 41920K, reserved 1114112K
  class space    used 5856K, committed 6080K, reserved 1048576K
}
Event: 5.425 GC heap before
{Heap before GC invocations=12 (full 0):
 garbage-first heap   total reserved 8355840K, committed 110592K, used 89256K [0x0000000602000000, 0x0000000800000000)
  region size 4096K, 15 young (61440K), 1 survivors (4096K)
 Metaspace       used 45997K, committed 46720K, reserved 1114112K
  class space    used 6533K, committed 6848K, reserved 1048576K
}
Event: 5.431 GC heap after
{Heap after GC invocations=13 (full 0):
 garbage-first heap   total reserved 8355840K, committed 110592K, used 33994K [0x0000000602000000, 0x0000000800000000)
  region size 4096K, 2 young (8192K), 2 survivors (8192K)
 Metaspace       used 45997K, committed 46720K, reserved 1114112K
  class space    used 6533K, committed 6848K, reserved 1048576K
}
Event: 5.922 GC heap before
{Heap before GC invocations=13 (full 0):
 garbage-first heap   total reserved 8355840K, committed 110592K, used 83146K [0x0000000602000000, 0x0000000800000000)
  region size 4096K, 15 young (61440K), 2 survivors (8192K)
 Metaspace       used 50810K, committed 51456K, reserved 1114112K
  class space    used 7332K, committed 7616K, reserved 1048576K
}
Event: 5.928 GC heap after
{Heap after GC invocations=14 (full 0):
 garbage-first heap   total reserved 8355840K, committed 110592K, used 35439K [0x0000000602000000, 0x0000000800000000)
  region size 4096K, 1 young (4096K), 1 survivors (4096K)
 Metaspace       used 50810K, committed 51456K, reserved 1114112K
  class space    used 7332K, committed 7616K, reserved 1048576K
}
Event: 6.584 GC heap before
{Heap before GC invocations=14 (full 0):
 garbage-first heap   total reserved 8355840K, committed 110592K, used 92783K [0x0000000602000000, 0x0000000800000000)
  region size 4096K, 15 young (61440K), 1 survivors (4096K)
 Metaspace       used 56214K, committed 56832K, reserved 1114112K
  class space    used 8039K, committed 8320K, reserved 1048576K
}
Event: 6.588 GC heap after
{Heap after GC invocations=15 (full 0):
 garbage-first heap   total reserved 8355840K, committed 110592K, used 36668K [0x0000000602000000, 0x0000000800000000)
  region size 4096K, 2 young (8192K), 2 survivors (8192K)
 Metaspace       used 56214K, committed 56832K, reserved 1114112K
  class space    used 8039K, committed 8320K, reserved 1048576K
}
Event: 6.827 GC heap before
{Heap before GC invocations=15 (full 0):
 garbage-first heap   total reserved 8355840K, committed 110592K, used 65340K [0x0000000602000000, 0x0000000800000000)
  region size 4096K, 10 young (40960K), 2 survivors (8192K)
 Metaspace       used 59658K, committed 60288K, reserved 1114112K
  class space    used 8597K, committed 8896K, reserved 1048576K
}
Event: 6.832 GC heap after
{Heap after GC invocations=16 (full 0):
 garbage-first heap   total reserved 8355840K, committed 110592K, used 37344K [0x0000000602000000, 0x0000000800000000)
  region size 4096K, 1 young (4096K), 1 survivors (4096K)
 Metaspace       used 59658K, committed 60288K, reserved 1114112K
  class space    used 8597K, committed 8896K, reserved 1048576K
}
Event: 7.281 GC heap before
{Heap before GC invocations=17 (full 0):
 garbage-first heap   total reserved 8355840K, committed 110592K, used 90592K [0x0000000602000000, 0x0000000800000000)
  region size 4096K, 15 young (61440K), 1 survivors (4096K)
 Metaspace       used 65058K, committed 65792K, reserved 1114112K
  class space    used 9511K, committed 9792K, reserved 1048576K
}
Event: 7.285 GC heap after
{Heap after GC invocations=18 (full 0):
 garbage-first heap   total reserved 8355840K, committed 110592K, used 37864K [0x0000000602000000, 0x0000000800000000)
  region size 4096K, 1 young (4096K), 1 survivors (4096K)
 Metaspace       used 65058K, committed 65792K, reserved 1114112K
  class space    used 9511K, committed 9792K, reserved 1048576K
}
Event: 7.878 GC heap before
{Heap before GC invocations=18 (full 0):
 garbage-first heap   total reserved 8355840K, committed 110592K, used 95208K [0x0000000602000000, 0x0000000800000000)
  region size 4096K, 15 young (61440K), 1 survivors (4096K)
 Metaspace       used 68961K, committed 69760K, reserved 1114112K
  class space    used 10124K, committed 10496K, reserved 1048576K
}
Event: 7.884 GC heap after
{Heap after GC invocations=19 (full 0):
 garbage-first heap   total reserved 8355840K, committed 110592K, used 41265K [0x0000000602000000, 0x0000000800000000)
  region size 4096K, 2 young (8192K), 2 survivors (8192K)
 Metaspace       used 68961K, committed 69760K, reserved 1114112K
  class space    used 10124K, committed 10496K, reserved 1048576K
}
Event: 8.394 GC heap before
{Heap before GC invocations=19 (full 0):
 garbage-first heap   total reserved 8355840K, committed 110592K, used 90417K [0x0000000602000000, 0x0000000800000000)
  region size 4096K, 14 young (57344K), 2 survivors (8192K)
 Metaspace       used 72000K, committed 72768K, reserved 1114112K
  class space    used 10620K, committed 10944K, reserved 1048576K
}
Event: 8.402 GC heap after
{Heap after GC invocations=20 (full 0):
 garbage-first heap   total reserved 8355840K, committed 319488K, used 44407K [0x0000000602000000, 0x0000000800000000)
  region size 4096K, 2 young (8192K), 2 survivors (8192K)
 Metaspace       used 72000K, committed 72768K, reserved 1114112K
  class space    used 10620K, committed 10944K, reserved 1048576K
}
Event: 681.557 GC heap before
{Heap before GC invocations=20 (full 0):
 garbage-first heap   total reserved 8355840K, committed 319488K, used 224631K [0x0000000602000000, 0x0000000800000000)
  region size 4096K, 46 young (188416K), 2 survivors (8192K)
 Metaspace       used 86226K, committed 87232K, reserved 1179648K
  class space    used 12707K, committed 13184K, reserved 1048576K
}
Event: 681.567 GC heap after
{Heap after GC invocations=21 (full 0):
 garbage-first heap   total reserved 8355840K, committed 319488K, used 50535K [0x0000000602000000, 0x0000000800000000)
  region size 4096K, 4 young (16384K), 4 survivors (16384K)
 Metaspace       used 86226K, committed 87232K, reserved 1179648K
  class space    used 12707K, committed 13184K, reserved 1048576K
}

